[2025-12-18T04:32:49.931521Z] [32mINFO    [0m | __main__:main:204                                  | ============================================================
  Context: {}
[2025-12-18T04:32:49.931521Z] [32mINFO    [0m | __main__:main:205                                  | QuantumShield - Starting Full Firewall
  Context: {}
[2025-12-18T04:32:49.936412Z] [32mINFO    [0m | __main__:main:206                                  | ============================================================
  Context: {}
[2025-12-18T04:32:49.936412Z] [32mINFO    [0m | __main__:main:212                                  | Initializing QuantumShield Engine...
  Context: {}
[2025-12-18T04:32:49.936412Z] [32mINFO    [0m | quantumshield.core.packet_capture:__init__:41      | PacketCapture initialized on interface None
[2025-12-18T04:32:49.936412Z] [32mINFO    [0m | quantumshield.core.traffic_processor:__init__:1148 | TrafficProcessor initialized
[2025-12-18T04:32:49.936412Z] [32mINFO    [0m | quantumshield.core.decision_maker:__init__:704     | DecisionMaker initialized
[2025-12-18T04:32:49.936412Z] [31mERROR   [0m | quantumshield.core.response_executor:initialize:157 | Failed to initialize iptables: [WinError 2] The system cannot find the file specified
[2025-12-18T04:32:49.945404Z] [32mINFO    [0m | quantumshield.core.response_executor:__init__:967  | ResponseExecutor initialized
[2025-12-18T04:32:49.945404Z] [32mINFO    [0m | quantumshield.core.engine:__init__:54              | QuantumShield Engine initialized
[2025-12-18T04:32:49.945404Z] [32mINFO    [0m | __main__:start_engine_with_adaptive_learning:99    | Initializing Adaptive Learning module...
  Context: {}
[2025-12-18T04:32:49.945404Z] [32mINFO    [0m | quantumshield.adaptive_learning.rl_agent:__init__:79 | RL Agent using device: cpu
[2025-12-18T04:32:52.908665Z] [32mINFO    [0m | quantumshield.adaptive_learning.adaptive_learner:__init__:56 | AdaptiveLearner initialized
[2025-12-18T04:32:52.908665Z] [32mINFO    [0m | quantumshield.adaptive_learning.adaptive_learner:initialize:60 | Initializing adaptive learner...
[2025-12-18T04:32:52.943077Z] [32mINFO    [0m | quantumshield.adaptive_learning.experience_buffer:load:226 | Loaded experience buffer from adaptive_learning\rl_agent_buffer.pkl
[2025-12-18T04:32:52.943077Z] [32mINFO    [0m | quantumshield.adaptive_learning.rl_agent:load:315  | Loaded RL agent from adaptive_learning\rl_agent.pt
[2025-12-18T04:32:52.948775Z] [32mINFO    [0m | quantumshield.adaptive_learning.adaptive_learner:_load_saved_state:177 | Loaded RL agent from disk
[2025-12-18T04:32:52.953513Z] [32mINFO    [0m | quantumshield.adaptive_learning.pattern_learner:load_patterns:447 | Loaded 4 patterns from adaptive_learning\patterns\patterns.json
[2025-12-18T04:32:52.955381Z] [32mINFO    [0m | quantumshield.adaptive_learning.adaptive_learner:_load_saved_state:181 | Loaded patterns from disk
[2025-12-18T04:32:52.983614Z] [32mINFO    [0m | quantumshield.adaptive_learning.adaptive_learner:initialize:65 | Adaptive learner initialized
[2025-12-18T04:32:53.008849Z] [32mINFO    [0m | __main__:start_engine_with_adaptive_learning:167   | Adaptive learning integrated with engine
  Context: {}
[2025-12-18T04:32:53.043311Z] [32mINFO    [0m | __main__:main:224                                  | API server started on 0.0.0.0:8000
  Context: {}
[2025-12-18T04:32:53.044430Z] [32mINFO    [0m | __main__:main:234                                  | QuantumShield is running...
  Context: {}
[2025-12-18T04:32:53.045438Z] [32mINFO    [0m | __main__:main:235                                  | Press Ctrl+C to stop
  Context: {}
[2025-12-18T04:32:53.045438Z] [32mINFO    [0m | quantumshield.core.engine:start:62                 | Starting QuantumShield Engine...
[2025-12-18T04:32:53.045438Z] [32mINFO    [0m | quantumshield.core.engine:_load_detection_engines:262 | Loading detection engines...
[2025-12-18T04:32:53.088998Z] [31mERROR   [0m | quantumshield.core.engine:_load_detection_engines:290 | Error loading detection engines: SignatureEngine.__init__() takes 1 positional argument but 2 were given
Traceback (most recent call last):
  File "C:\Users\Dell\Desktop\AITF_AI\quantumshield\core\engine.py", line 274, in _load_detection_engines
    SignatureEngine(engines_config.get('signature', {}))
TypeError: SignatureEngine.__init__() takes 1 positional argument but 2 were given

[2025-12-18T04:32:53.093101Z] [32mINFO    [0m | quantumshield.core.engine:_load_ml_models:294      | Loading ML models...
[2025-12-18T04:32:53.094198Z] [32mINFO    [0m | quantumshield.core.engine:_load_ml_models:307      | Loaded 3 ML models
[2025-12-18T04:32:53.095372Z] [32mINFO    [0m | quantumshield.core.packet_capture:start:49         | Starting packet capture on None
[2025-12-18T04:32:53.153197Z] [32mINFO    [0m | quantumshield.core.packet_capture:start:64         | Packet capture started
[2025-12-18T04:32:53.155197Z] [32mINFO    [0m | quantumshield.core.response_executor:start:1099    | ResponseExecutor started
[2025-12-18T04:32:53.155197Z] [32mINFO    [0m | quantumshield.core.engine:start:89                 | QuantumShield Engine started successfully
[2025-12-18T04:32:53.159944Z] [32mINFO    [0m | quantumshield.core.engine:_packet_capture_loop:116 | Packet capture loop started
[2025-12-18T04:32:53.162920Z] [32mINFO    [0m | quantumshield.core.engine:_traffic_processing_loop:136 | Traffic processing loop started
[2025-12-18T04:32:53.164084Z] [32mINFO    [0m | quantumshield.core.engine:_analysis_loop:159       | Analysis loop started
[2025-12-18T04:32:53.164084Z] [32mINFO    [0m | __main__:enhanced_decision_loop:114                | Enhanced decision loop with adaptive learning started
  Context: {}
[2025-12-18T04:32:53.165220Z] [32mINFO    [0m | quantumshield.core.engine:_monitoring_loop:218     | Monitoring loop started
[2025-12-18T04:32:53.165220Z] [32mINFO    [0m | quantumshield.core.engine:_cleanup_loop:243        | Cleanup loop started
[2025-12-18T04:33:53.173673Z] [32mINFO    [0m | quantumshield.core.engine:_monitoring_loop:228     | Statistics - Packets: 0, Threats: 0, Actions: 0, PPS: 0.00, Queue sizes: P=0, A=0, D=0
[2025-12-18T04:34:53.169242Z] [32mINFO    [0m | quantumshield.core.engine:_monitoring_loop:228     | Statistics - Packets: 0, Threats: 0, Actions: 0, PPS: 0.00, Queue sizes: P=0, A=0, D=0
[2025-12-18T04:35:53.224056Z] [32mINFO    [0m | quantumshield.core.engine:_monitoring_loop:228     | Statistics - Packets: 0, Threats: 0, Actions: 0, PPS: 0.00, Queue sizes: P=0, A=0, D=0
[2025-12-18T04:36:53.209432Z] [32mINFO    [0m | quantumshield.core.engine:_monitoring_loop:228     | Statistics - Packets: 0, Threats: 0, Actions: 0, PPS: 0.00, Queue sizes: P=0, A=0, D=0
[2025-12-18T04:37:53.165287Z] [31mERROR   [0m | quantumshield.core.engine:_cleanup_loop:258        | Error in cleanup: 'DecisionMaker' object has no attribute 'cleanup_cache'
Traceback (most recent call last):
  File "C:\Users\Dell\Desktop\AITF_AI\quantumshield\core\engine.py", line 250, in _cleanup_loop
    await self.decision_maker.cleanup_cache()
          ^^^^^^^^^^^^^^^^^^^^^^^^^^^^^^^^^
AttributeError: 'DecisionMaker' object has no attribute 'cleanup_cache'

[2025-12-18T04:37:53.209074Z] [32mINFO    [0m | quantumshield.core.engine:_monitoring_loop:228     | Statistics - Packets: 0, Threats: 0, Actions: 0, PPS: 0.00, Queue sizes: P=0, A=0, D=0
[2025-12-18T04:38:53.208823Z] [32mINFO    [0m | quantumshield.core.engine:_monitoring_loop:228     | Statistics - Packets: 0, Threats: 0, Actions: 0, PPS: 0.00, Queue sizes: P=0, A=0, D=0
[2025-12-18T04:39:53.225032Z] [32mINFO    [0m | quantumshield.core.engine:_monitoring_loop:228     | Statistics - Packets: 0, Threats: 0, Actions: 0, PPS: 0.00, Queue sizes: P=0, A=0, D=0
[2025-12-18T04:40:53.244709Z] [32mINFO    [0m | quantumshield.core.engine:_monitoring_loop:228     | Statistics - Packets: 0, Threats: 0, Actions: 0, PPS: 0.00, Queue sizes: P=0, A=0, D=0
[2025-12-18T04:41:53.245746Z] [32mINFO    [0m | quantumshield.core.engine:_monitoring_loop:228     | Statistics - Packets: 0, Threats: 0, Actions: 0, PPS: 0.00, Queue sizes: P=0, A=0, D=0
[2025-12-18T04:42:53.164661Z] [31mERROR   [0m | quantumshield.core.engine:_cleanup_loop:258        | Error in cleanup: 'DecisionMaker' object has no attribute 'cleanup_cache'
Traceback (most recent call last):
  File "C:\Users\Dell\Desktop\AITF_AI\quantumshield\core\engine.py", line 250, in _cleanup_loop
    await self.decision_maker.cleanup_cache()
          ^^^^^^^^^^^^^^^^^^^^^^^^^^^^^^^^^
AttributeError: 'DecisionMaker' object has no attribute 'cleanup_cache'

[2025-12-18T04:42:53.250504Z] [32mINFO    [0m | quantumshield.core.engine:_monitoring_loop:228     | Statistics - Packets: 0, Threats: 0, Actions: 0, PPS: 0.00, Queue sizes: P=0, A=0, D=0
[2025-12-18T04:43:53.236889Z] [32mINFO    [0m | quantumshield.core.engine:_monitoring_loop:228     | Statistics - Packets: 0, Threats: 0, Actions: 0, PPS: 0.00, Queue sizes: P=0, A=0, D=0
[2025-12-18T04:44:53.249445Z] [32mINFO    [0m | quantumshield.core.engine:_monitoring_loop:228     | Statistics - Packets: 0, Threats: 0, Actions: 0, PPS: 0.00, Queue sizes: P=0, A=0, D=0
[2025-12-18T04:45:53.244559Z] [32mINFO    [0m | quantumshield.core.engine:_monitoring_loop:228     | Statistics - Packets: 0, Threats: 0, Actions: 0, PPS: 0.00, Queue sizes: P=0, A=0, D=0
[2025-12-18T04:46:53.240654Z] [32mINFO    [0m | quantumshield.core.engine:_monitoring_loop:228     | Statistics - Packets: 0, Threats: 0, Actions: 0, PPS: 0.00, Queue sizes: P=0, A=0, D=0
[2025-12-18T04:47:53.168280Z] [31mERROR   [0m | quantumshield.core.engine:_cleanup_loop:258        | Error in cleanup: 'DecisionMaker' object has no attribute 'cleanup_cache'
Traceback (most recent call last):
  File "C:\Users\Dell\Desktop\AITF_AI\quantumshield\core\engine.py", line 250, in _cleanup_loop
    await self.decision_maker.cleanup_cache()
          ^^^^^^^^^^^^^^^^^^^^^^^^^^^^^^^^^
AttributeError: 'DecisionMaker' object has no attribute 'cleanup_cache'

[2025-12-18T04:47:53.248759Z] [32mINFO    [0m | quantumshield.core.engine:_monitoring_loop:228     | Statistics - Packets: 0, Threats: 0, Actions: 0, PPS: 0.00, Queue sizes: P=0, A=0, D=0
[2025-12-18T04:48:53.247258Z] [32mINFO    [0m | quantumshield.core.engine:_monitoring_loop:228     | Statistics - Packets: 0, Threats: 0, Actions: 0, PPS: 0.00, Queue sizes: P=0, A=0, D=0
[2025-12-18T04:49:53.258744Z] [32mINFO    [0m | quantumshield.core.engine:_monitoring_loop:228     | Statistics - Packets: 0, Threats: 0, Actions: 0, PPS: 0.00, Queue sizes: P=0, A=0, D=0
[2025-12-18T04:50:53.410417Z] [32mINFO    [0m | quantumshield.core.engine:_monitoring_loop:228     | Statistics - Packets: 0, Threats: 0, Actions: 0, PPS: 0.00, Queue sizes: P=0, A=0, D=0
[2025-12-18T04:51:53.584965Z] [32mINFO    [0m | quantumshield.core.engine:_monitoring_loop:228     | Statistics - Packets: 0, Threats: 0, Actions: 0, PPS: 0.00, Queue sizes: P=0, A=0, D=0
[2025-12-18T04:52:53.182493Z] [31mERROR   [0m | quantumshield.core.engine:_cleanup_loop:258        | Error in cleanup: 'DecisionMaker' object has no attribute 'cleanup_cache'
Traceback (most recent call last):
  File "C:\Users\Dell\Desktop\AITF_AI\quantumshield\core\engine.py", line 250, in _cleanup_loop
    await self.decision_maker.cleanup_cache()
          ^^^^^^^^^^^^^^^^^^^^^^^^^^^^^^^^^
AttributeError: 'DecisionMaker' object has no attribute 'cleanup_cache'

[2025-12-18T04:52:53.602700Z] [32mINFO    [0m | quantumshield.core.engine:_monitoring_loop:228     | Statistics - Packets: 0, Threats: 0, Actions: 0, PPS: 0.00, Queue sizes: P=0, A=0, D=0
[2025-12-18T04:53:53.663830Z] [32mINFO    [0m | quantumshield.core.engine:_monitoring_loop:228     | Statistics - Packets: 0, Threats: 0, Actions: 0, PPS: 0.00, Queue sizes: P=0, A=0, D=0
[2025-12-18T04:54:53.762842Z] [32mINFO    [0m | quantumshield.core.engine:_monitoring_loop:228     | Statistics - Packets: 0, Threats: 0, Actions: 0, PPS: 0.00, Queue sizes: P=0, A=0, D=0
[2025-12-18T04:55:53.736566Z] [32mINFO    [0m | quantumshield.core.engine:_monitoring_loop:228     | Statistics - Packets: 0, Threats: 0, Actions: 0, PPS: 0.00, Queue sizes: P=0, A=0, D=0
[2025-12-18T04:56:53.789358Z] [32mINFO    [0m | quantumshield.core.engine:_monitoring_loop:228     | Statistics - Packets: 0, Threats: 0, Actions: 0, PPS: 0.00, Queue sizes: P=0, A=0, D=0
[2025-12-18T04:57:53.248883Z] [31mERROR   [0m | quantumshield.core.engine:_cleanup_loop:258        | Error in cleanup: 'DecisionMaker' object has no attribute 'cleanup_cache'
Traceback (most recent call last):
  File "C:\Users\Dell\Desktop\AITF_AI\quantumshield\core\engine.py", line 250, in _cleanup_loop
    await self.decision_maker.cleanup_cache()
          ^^^^^^^^^^^^^^^^^^^^^^^^^^^^^^^^^
AttributeError: 'DecisionMaker' object has no attribute 'cleanup_cache'

[2025-12-18T04:57:53.796242Z] [32mINFO    [0m | quantumshield.core.engine:_monitoring_loop:228     | Statistics - Packets: 0, Threats: 0, Actions: 0, PPS: 0.00, Queue sizes: P=0, A=0, D=0
[2025-12-18T04:58:53.800112Z] [32mINFO    [0m | quantumshield.core.engine:_monitoring_loop:228     | Statistics - Packets: 0, Threats: 0, Actions: 0, PPS: 0.00, Queue sizes: P=0, A=0, D=0
[2025-12-18T04:59:53.791349Z] [32mINFO    [0m | quantumshield.core.engine:_monitoring_loop:228     | Statistics - Packets: 0, Threats: 0, Actions: 0, PPS: 0.00, Queue sizes: P=0, A=0, D=0
[2025-12-18T05:00:53.804077Z] [32mINFO    [0m | quantumshield.core.engine:_monitoring_loop:228     | Statistics - Packets: 0, Threats: 0, Actions: 0, PPS: 0.00, Queue sizes: P=0, A=0, D=0
[2025-12-18T05:01:53.801969Z] [32mINFO    [0m | quantumshield.core.engine:_monitoring_loop:228     | Statistics - Packets: 0, Threats: 0, Actions: 0, PPS: 0.00, Queue sizes: P=0, A=0, D=0
[2025-12-18T05:02:53.251385Z] [31mERROR   [0m | quantumshield.core.engine:_cleanup_loop:258        | Error in cleanup: 'DecisionMaker' object has no attribute 'cleanup_cache'
Traceback (most recent call last):
  File "C:\Users\Dell\Desktop\AITF_AI\quantumshield\core\engine.py", line 250, in _cleanup_loop
    await self.decision_maker.cleanup_cache()
          ^^^^^^^^^^^^^^^^^^^^^^^^^^^^^^^^^
AttributeError: 'DecisionMaker' object has no attribute 'cleanup_cache'

[2025-12-18T05:02:53.797425Z] [32mINFO    [0m | quantumshield.core.engine:_monitoring_loop:228     | Statistics - Packets: 0, Threats: 0, Actions: 0, PPS: 0.00, Queue sizes: P=0, A=0, D=0
[2025-12-18T05:03:53.805532Z] [32mINFO    [0m | quantumshield.core.engine:_monitoring_loop:228     | Statistics - Packets: 0, Threats: 0, Actions: 0, PPS: 0.00, Queue sizes: P=0, A=0, D=0
[2025-12-18T05:04:53.790650Z] [32mINFO    [0m | quantumshield.core.engine:_monitoring_loop:228     | Statistics - Packets: 0, Threats: 0, Actions: 0, PPS: 0.00, Queue sizes: P=0, A=0, D=0
[2025-12-18T05:05:53.803818Z] [32mINFO    [0m | quantumshield.core.engine:_monitoring_loop:228     | Statistics - Packets: 0, Threats: 0, Actions: 0, PPS: 0.00, Queue sizes: P=0, A=0, D=0
